0 info it worked if it ends with ok
1 verbose cli [ 'node', '/usr/local/bin/npm', 'update', '-g', 'ionic' ]
2 info using npm@1.4.28
3 info using node@v0.10.35
4 verbose request where is /ionic
5 verbose request registry https://registry.npmjs.org/
6 verbose request id 1537a8f8557bb507
7 verbose url raw /ionic
8 verbose url resolving [ 'https://registry.npmjs.org/', './ionic' ]
9 verbose url resolved https://registry.npmjs.org/ionic
10 verbose request where is https://registry.npmjs.org/ionic
11 info trying registry request attempt 1 at 00:24:12
12 verbose etag "BNYZDGQ4RTEGQTIRFB0RW5DEY"
13 http GET https://registry.npmjs.org/ionic
14 http 200 https://registry.npmjs.org/ionic
15 silly registry.get cb [ 200,
15 silly registry.get   { date: 'Sun, 01 Feb 2015 02:24:19 GMT',
15 silly registry.get     server: 'CouchDB/1.5.0 (Erlang OTP/R16B03)',
15 silly registry.get     etag: '"CRZEMUDQEGIUHCN52ROYDR2NN"',
15 silly registry.get     'content-type': 'application/json',
15 silly registry.get     'cache-control': 'max-age=60',
15 silly registry.get     'content-length': '188633',
15 silly registry.get     'accept-ranges': 'bytes',
15 silly registry.get     via: '1.1 varnish',
15 silly registry.get     age: '0',
15 silly registry.get     'x-served-by': 'cache-atl6230-ATL',
15 silly registry.get     'x-cache': 'HIT',
15 silly registry.get     'x-cache-hits': '1',
15 silly registry.get     'x-timer': 'S1422757459.838961,VS0,VE23',
15 silly registry.get     vary: 'Accept',
15 silly registry.get     'keep-alive': 'timeout=10, max=50',
15 silly registry.get     connection: 'Keep-Alive' } ]
16 info outdated updating [ [ '/usr/local/lib', 'ionic', '1.3.2', '1.3.3', '1.3.3', 'latest' ] ]
17 verbose install where,what [ '/usr/local/lib', [ 'ionic@1.3.3' ] ]
18 verbose cache add [ 'ionic@1.3.3', null ]
19 verbose cache add name=undefined spec="ionic@1.3.3" args=["ionic@1.3.3",null]
20 verbose parsed url { protocol: null,
20 verbose parsed url   slashes: null,
20 verbose parsed url   auth: null,
20 verbose parsed url   host: null,
20 verbose parsed url   port: null,
20 verbose parsed url   hostname: null,
20 verbose parsed url   hash: null,
20 verbose parsed url   search: null,
20 verbose parsed url   query: null,
20 verbose parsed url   pathname: 'ionic@1.3.3',
20 verbose parsed url   path: 'ionic@1.3.3',
20 verbose parsed url   href: 'ionic@1.3.3' }
21 verbose cache add name="ionic" spec="1.3.3" args=["ionic","1.3.3"]
22 verbose parsed url { protocol: null,
22 verbose parsed url   slashes: null,
22 verbose parsed url   auth: null,
22 verbose parsed url   host: null,
22 verbose parsed url   port: null,
22 verbose parsed url   hostname: null,
22 verbose parsed url   hash: null,
22 verbose parsed url   search: null,
22 verbose parsed url   query: null,
22 verbose parsed url   pathname: '1.3.3',
22 verbose parsed url   path: '1.3.3',
22 verbose parsed url   href: '1.3.3' }
23 verbose addNamed [ 'ionic', '1.3.3' ]
24 verbose addNamed [ '1.3.3', '1.3.3' ]
25 silly lockFile 79d5f30d-ionic-1-3-3 ionic@1.3.3
26 verbose lock ionic@1.3.3 /Users/Daniel/.npm/79d5f30d-ionic-1-3-3.lock
27 verbose registry.get https://registry.npmjs.org/ionic not expired, no request
28 silly lockFile 0e01dbe9--npmjs-org-ionic-ionic-1-3-3-tgz https://registry.npmjs.org/ionic/-/ionic-1.3.3.tgz
29 verbose lock https://registry.npmjs.org/ionic/-/ionic-1.3.3.tgz /Users/Daniel/.npm/0e01dbe9--npmjs-org-ionic-ionic-1-3-3-tgz.lock
30 verbose addRemoteTarball [ 'https://registry.npmjs.org/ionic/-/ionic-1.3.3.tgz',
30 verbose addRemoteTarball   '855ecabdbb9b833d653632fe3e93a9852fc936db' ]
31 info retry fetch attempt 1 at 00:27:42
32 verbose fetch to= /var/folders/bl/s3fjcdvd26j2k8nvdyxc15k40000gn/T/npm-19369-NMOllrSW/registry.npmjs.org/ionic/-/ionic-1.3.3.tgz
33 http GET https://registry.npmjs.org/ionic/-/ionic-1.3.3.tgz
34 http 200 https://registry.npmjs.org/ionic/-/ionic-1.3.3.tgz
35 silly lockFile 0e01dbe9--npmjs-org-ionic-ionic-1-3-3-tgz https://registry.npmjs.org/ionic/-/ionic-1.3.3.tgz
36 silly lockFile 0e01dbe9--npmjs-org-ionic-ionic-1-3-3-tgz https://registry.npmjs.org/ionic/-/ionic-1.3.3.tgz
37 silly lockFile 79d5f30d-ionic-1-3-3 ionic@1.3.3
38 silly lockFile 79d5f30d-ionic-1-3-3 ionic@1.3.3
39 error Error: EACCES, mkdir '/Users/Daniel/.npm/ionic/1.3.3'
39 error  { [Error: EACCES, mkdir '/Users/Daniel/.npm/ionic/1.3.3']
39 error   errno: 3,
39 error   code: 'EACCES',
39 error   path: '/Users/Daniel/.npm/ionic/1.3.3' }
40 error Please try running this command again as root/Administrator.
41 error System Darwin 14.0.0
42 error command "node" "/usr/local/bin/npm" "update" "-g" "ionic"
43 error cwd /Users/Daniel/devel/domo-ionic
44 error node -v v0.10.35
45 error npm -v 1.4.28
46 error path /Users/Daniel/.npm/ionic/1.3.3
47 error code EACCES
48 error errno 3
49 error stack Error: EACCES, mkdir '/Users/Daniel/.npm/ionic/1.3.3'
50 verbose exit [ 3, true ]
